# Logfile created on 2021-09-22 14:38:38 +0900 by logger.rb/66358
D, [2021-09-22T14:38:38.496908 #6229] DEBUG -- : *debug log
I, [2021-09-22T14:38:38.497114 #6229]  INFO -- : *info log
W, [2021-09-22T14:38:38.497129 #6229]  WARN -- : *warn log
E, [2021-09-22T14:38:38.497140 #6229] ERROR -- : *error log
F, [2021-09-22T14:38:38.497149 #6229] FATAL -- : *fatal log
A, [2021-09-22T14:38:38.497160 #6229]   ANY -- : *unknown log
D, [2021-09-22T14:39:02.570971 #6280] DEBUG -- : *debug log
I, [2021-09-22T14:39:02.571228 #6280]  INFO -- : *info log
W, [2021-09-22T14:39:02.571248 #6280]  WARN -- : *warn log
E, [2021-09-22T14:39:02.571259 #6280] ERROR -- : *error log
F, [2021-09-22T14:39:02.571269 #6280] FATAL -- : *fatal log
A, [2021-09-22T14:39:02.571278 #6280]   ANY -- : *unknown log
D, [2021-09-22T14:39:18.494402 #6301] DEBUG -- : *debug log
I, [2021-09-22T14:39:18.494660 #6301]  INFO -- : *info log
W, [2021-09-22T14:39:18.494677 #6301]  WARN -- : *warn log
E, [2021-09-22T14:39:18.494689 #6301] ERROR -- : *error log
F, [2021-09-22T14:39:18.494699 #6301] FATAL -- : *fatal log
A, [2021-09-22T14:39:18.494709 #6301]   ANY -- : *unknown log
D, [2021-09-22T14:39:18.515726 #6301] DEBUG -- : nil
